<?xml version="1.0" encoding="UTF-8"?>
<!-- Generated by org.testng.reporters.JUnitXMLReporter -->
<testsuite ignored="0" hostname="DESKTOP-N433JB5" failures="1" tests="4" name="Test" time="568.426" errors="0" timestamp="2020-04-13T13:18:24 IST">
  <testcase classname="com.academicjournalsOup.Testrunner.TestRunnerDropdownOne" name="dropdown" time="180.919"/>
  <testcase classname="com.academicjournalsOup.Testrunner.TestRunnerDropdownTwo" name="dropdown" time="220.371"/>
  <testcase classname="com.academicjournalsOup.Testrunner.TestRunnerRegister" name="login" time="108.147">
    <failure type="cucumber.runtime.CucumberException" message="org.junit.ComparisonFailure: expected:&amp;lt;...://academic.oup.com/[my-account/register?siteId=5567&amp;amp;returnUrl=%2f]journals&amp;gt; but was:&amp;lt;...://academic.oup.com/[]journals&amp;gt;">
      <![CDATA[cucumber.runtime.CucumberException: org.junit.ComparisonFailure: expected:<...://academic.oup.com/[my-account/register?siteId=5567&returnUrl=%2f]journals> but was:<...://academic.oup.com/[]journals>
at cucumber.api.testng.TestNGCucumberRunner.runCucumber(TestNGCucumberRunner.java:69)
at com.academicjournalsOup.Testrunner.TestRunnerRegister.login(TestRunnerRegister.java:43)
at java.base/java.util.ArrayList.forEach(Unknown Source)
Caused by: org.junit.ComparisonFailure: expected:<...://academic.oup.com/[my-account/register?siteId=5567&returnUrl=%2f]journals> but was:<...://academic.oup.com/[]journals>
at org.junit.Assert.assertEquals(Assert.java:115)
at org.junit.Assert.assertEquals(Assert.java:144)
at com.academicjournalsOup.stepDefinition.RegisterstepDef.user_should_be_able_to_register(RegisterstepDef.java:109)
at âœ½.When user should be able to register(TestRegister.feature:8)
... Removed 27 stack frames]]>
    </failure>
  </testcase> <!-- login -->
  <testcase classname="com.academicjournalsOup.Testrunner.TestRunnerSignin" name="signinpage" time="58.331"/>
</testsuite> <!-- Test -->
